  finalMain.cpp
e:\college\grad\semester_2\csci-610\final\finalmain.cpp(57): warning C4305: 'initializing': truncation from 'double' to 'float'
e:\college\grad\semester_2\csci-610\final\finalmain.cpp(61): warning C4305: 'initializing': truncation from 'double' to 'float'
e:\college\grad\semester_2\csci-610\final\finalmain.cpp(65): warning C4305: 'initializing': truncation from 'double' to 'float'
e:\college\grad\semester_2\csci-610\final\finalmain.cpp(68): warning C4305: 'initializing': truncation from 'double' to 'float'
e:\college\grad\semester_2\csci-610\final\finalmain.cpp(72): warning C4305: 'initializing': truncation from 'double' to 'float'
e:\college\grad\semester_2\csci-610\final\finalmain.cpp(73): warning C4305: 'initializing': truncation from 'double' to 'float'
e:\college\grad\semester_2\csci-610\final\finalmain.cpp(76): warning C4305: 'initializing': truncation from 'double' to 'float'
e:\college\grad\semester_2\csci-610\final\finalmain.cpp(81): warning C4305: 'initializing': truncation from 'double' to 'float'
e:\college\grad\semester_2\csci-610\final\finalmain.cpp(89): warning C4305: 'initializing': truncation from 'double' to 'float'
e:\college\grad\semester_2\csci-610\final\finalmain.cpp(92): warning C4305: 'initializing': truncation from 'double' to 'float'
e:\college\grad\semester_2\csci-610\final\finalmain.cpp(93): warning C4305: 'initializing': truncation from 'double' to 'float'
e:\college\grad\semester_2\csci-610\final\finalmain.cpp(98): warning C4305: 'initializing': truncation from 'double' to 'float'
e:\college\grad\semester_2\csci-610\final\finalmain.cpp(101): warning C4305: 'initializing': truncation from 'double' to 'float'
e:\college\grad\semester_2\csci-610\final\finalmain.cpp(105): warning C4305: 'initializing': truncation from 'double' to 'float'
e:\college\grad\semester_2\csci-610\final\finalmain.cpp(106): warning C4305: 'initializing': truncation from 'double' to 'float'
e:\college\grad\semester_2\csci-610\final\finalmain.cpp(109): warning C4305: 'initializing': truncation from 'double' to 'float'
e:\college\grad\semester_2\csci-610\final\finalmain.cpp(110): warning C4305: 'initializing': truncation from 'double' to 'float'
e:\college\grad\semester_2\csci-610\final\finalmain.cpp(230): warning C4305: 'initializing': truncation from 'double' to 'float'
e:\college\grad\semester_2\csci-610\final\finalmain.cpp(231): warning C4305: '-=': truncation from 'double' to 'float'
e:\college\grad\semester_2\csci-610\final\finalmain.cpp(237): warning C4305: '+=': truncation from 'double' to 'float'
e:\college\grad\semester_2\csci-610\final\finalmain.cpp(240): warning C4305: '-=': truncation from 'double' to 'float'
e:\college\grad\semester_2\csci-610\final\finalmain.cpp(241): warning C4305: '-=': truncation from 'double' to 'float'
e:\college\grad\semester_2\csci-610\final\finalmain.cpp(244): warning C4305: '+=': truncation from 'double' to 'float'
e:\college\grad\semester_2\csci-610\final\finalmain.cpp(245): warning C4305: '+=': truncation from 'double' to 'float'
e:\college\grad\semester_2\csci-610\final\finalmain.cpp(246): warning C4305: '-=': truncation from 'double' to 'float'
e:\college\grad\semester_2\csci-610\final\finalmain.cpp(268): warning C4305: '+=': truncation from 'double' to 'float'
e:\college\grad\semester_2\csci-610\final\finalmain.cpp(269): warning C4305: '-=': truncation from 'double' to 'float'
  final.vcxproj -> E:\College\Grad\Semester_2\CSCI-610\final\Debug\final.exe
